[2024-10-04T14:29:51.302+0000] {local_task_job_runner.py:123} INFO - ::group::Pre task execution logs
[2024-10-04T14:29:51.316+0000] {taskinstance.py:2612} INFO - Dependencies all met for dep_context=non-requeueable deps ti=<TaskInstance: crawl_dag.run_main_function manual__2024-10-04T14:24:31.544698+00:00 [queued]>
[2024-10-04T14:29:51.323+0000] {taskinstance.py:2612} INFO - Dependencies all met for dep_context=requeueable deps ti=<TaskInstance: crawl_dag.run_main_function manual__2024-10-04T14:24:31.544698+00:00 [queued]>
[2024-10-04T14:29:51.323+0000] {taskinstance.py:2865} INFO - Starting attempt 3 of 4
[2024-10-04T14:29:51.330+0000] {taskinstance.py:2888} INFO - Executing <Task(PythonOperator): run_main_function> on 2024-10-04 14:24:31.544698+00:00
[2024-10-04T14:29:51.333+0000] {warnings.py:112} WARNING - /home/***/.local/lib/python3.12/site-packages/***/task/task_runner/standard_task_runner.py:70: DeprecationWarning: This process (pid=871) is multi-threaded, use of fork() may lead to deadlocks in the child.
  pid = os.fork()

[2024-10-04T14:29:51.334+0000] {standard_task_runner.py:72} INFO - Started process 872 to run task
[2024-10-04T14:29:51.334+0000] {standard_task_runner.py:104} INFO - Running: ['***', 'tasks', 'run', 'crawl_dag', 'run_main_function', 'manual__2024-10-04T14:24:31.544698+00:00', '--job-id', '5', '--raw', '--subdir', 'DAGS_FOLDER/crawl_dag.py', '--cfg-path', '/tmp/tmprhjnkyen']
[2024-10-04T14:29:51.335+0000] {standard_task_runner.py:105} INFO - Job 5: Subtask run_main_function
[2024-10-04T14:29:51.365+0000] {task_command.py:467} INFO - Running <TaskInstance: crawl_dag.run_main_function manual__2024-10-04T14:24:31.544698+00:00 [running]> on host 6b301d5a0ae9
[2024-10-04T14:29:51.413+0000] {taskinstance.py:3131} INFO - Exporting env vars: AIRFLOW_CTX_DAG_OWNER='PhiNguyen' AIRFLOW_CTX_DAG_ID='crawl_dag' AIRFLOW_CTX_TASK_ID='run_main_function' AIRFLOW_CTX_EXECUTION_DATE='2024-10-04T14:24:31.544698+00:00' AIRFLOW_CTX_TRY_NUMBER='3' AIRFLOW_CTX_DAG_RUN_ID='manual__2024-10-04T14:24:31.544698+00:00'
[2024-10-04T14:29:51.414+0000] {taskinstance.py:731} INFO - ::endgroup::
[2024-10-04T14:29:51.428+0000] {logging_mixin.py:190} INFO - Processing category: Sách kinh tế học (ID: 593)
[2024-10-04T14:29:52.257+0000] {logging_mixin.py:190} INFO - Processing page 2 for category Sách kinh tế học...
[2024-10-04T14:29:53.012+0000] {logging_mixin.py:190} INFO - Processing page 3 for category Sách kinh tế học...
[2024-10-04T14:29:53.816+0000] {logging_mixin.py:190} INFO - Processing page 4 for category Sách kinh tế học...
[2024-10-04T14:29:54.596+0000] {logging_mixin.py:190} INFO - Processing page 5 for category Sách kinh tế học...
[2024-10-04T14:29:55.591+0000] {logging_mixin.py:190} INFO - Processing page 6 for category Sách kinh tế học...
[2024-10-04T14:29:56.623+0000] {logging_mixin.py:190} INFO - Processing page 7 for category Sách kinh tế học...
[2024-10-04T14:29:57.380+0000] {logging_mixin.py:190} INFO - Processing page 8 for category Sách kinh tế học...
[2024-10-04T14:29:58.146+0000] {logging_mixin.py:190} INFO - Processing page 9 for category Sách kinh tế học...
[2024-10-04T14:29:59.151+0000] {logging_mixin.py:190} INFO - Processing page 10 for category Sách kinh tế học...
[2024-10-04T14:29:59.872+0000] {logging_mixin.py:190} INFO - Processing page 11 for category Sách kinh tế học...
[2024-10-04T14:30:00.720+0000] {logging_mixin.py:190} INFO - Processing page 12 for category Sách kinh tế học...
[2024-10-04T14:30:01.534+0000] {logging_mixin.py:190} INFO - Processing page 13 for category Sách kinh tế học...
[2024-10-04T14:30:02.729+0000] {logging_mixin.py:190} INFO - Processing page 14 for category Sách kinh tế học...
[2024-10-04T14:30:03.573+0000] {logging_mixin.py:190} INFO - Processing page 15 for category Sách kinh tế học...
[2024-10-04T14:30:04.490+0000] {logging_mixin.py:190} INFO - Processing page 16 for category Sách kinh tế học...
[2024-10-04T14:30:05.428+0000] {logging_mixin.py:190} INFO - Processing page 17 for category Sách kinh tế học...
[2024-10-04T14:30:06.144+0000] {logging_mixin.py:190} INFO - Processing page 18 for category Sách kinh tế học...
[2024-10-04T14:30:07.363+0000] {logging_mixin.py:190} INFO - Processing page 19 for category Sách kinh tế học...
[2024-10-04T14:30:08.542+0000] {logging_mixin.py:190} INFO - Processing page 20 for category Sách kinh tế học...
[2024-10-04T14:30:09.199+0000] {logging_mixin.py:190} INFO - Processing page 21 for category Sách kinh tế học...
[2024-10-04T14:30:09.947+0000] {logging_mixin.py:190} INFO - Processing page 22 for category Sách kinh tế học...
[2024-10-04T14:30:10.667+0000] {logging_mixin.py:190} INFO - Processing page 23 for category Sách kinh tế học...
[2024-10-04T14:30:11.316+0000] {logging_mixin.py:190} INFO - Processing page 24 for category Sách kinh tế học...
[2024-10-04T14:30:12.005+0000] {logging_mixin.py:190} INFO - Processing page 25 for category Sách kinh tế học...
[2024-10-04T14:30:12.783+0000] {logging_mixin.py:190} INFO - Processing page 26 for category Sách kinh tế học...
[2024-10-04T14:30:13.642+0000] {logging_mixin.py:190} INFO - Processing page 27 for category Sách kinh tế học...
[2024-10-04T14:30:14.265+0000] {logging_mixin.py:190} INFO - Processing page 28 for category Sách kinh tế học...
[2024-10-04T14:30:15.006+0000] {logging_mixin.py:190} INFO - Processing page 29 for category Sách kinh tế học...
[2024-10-04T14:30:15.723+0000] {logging_mixin.py:190} INFO - Processing page 30 for category Sách kinh tế học...
[2024-10-04T14:30:16.450+0000] {logging_mixin.py:190} INFO - Processing page 31 for category Sách kinh tế học...
[2024-10-04T14:30:17.194+0000] {logging_mixin.py:190} INFO - Processing page 32 for category Sách kinh tế học...
[2024-10-04T14:30:17.920+0000] {logging_mixin.py:190} INFO - Processing page 33 for category Sách kinh tế học...
[2024-10-04T14:30:18.622+0000] {logging_mixin.py:190} INFO - Processing page 34 for category Sách kinh tế học...
[2024-10-04T14:30:19.408+0000] {logging_mixin.py:190} INFO - Processing page 35 for category Sách kinh tế học...
[2024-10-04T14:30:20.132+0000] {logging_mixin.py:190} INFO - Processing page 36 for category Sách kinh tế học...
[2024-10-04T14:30:21.040+0000] {logging_mixin.py:190} INFO - Processing page 37 for category Sách kinh tế học...
[2024-10-04T14:30:22.013+0000] {logging_mixin.py:190} INFO - Processing page 38 for category Sách kinh tế học...
[2024-10-04T14:30:22.773+0000] {logging_mixin.py:190} INFO - Processing page 39 for category Sách kinh tế học...
[2024-10-04T14:30:23.630+0000] {logging_mixin.py:190} INFO - Processing page 40 for category Sách kinh tế học...
[2024-10-04T14:30:24.419+0000] {logging_mixin.py:190} INFO - Processing page 41 for category Sách kinh tế học...
[2024-10-04T14:30:24.981+0000] {python.py:240} INFO - Done. Returned value was: None
[2024-10-04T14:30:24.987+0000] {taskinstance.py:340} INFO - ::group::Post task execution logs
[2024-10-04T14:30:24.987+0000] {taskinstance.py:352} INFO - Marking task as SUCCESS. dag_id=crawl_dag, task_id=run_main_function, run_id=manual__2024-10-04T14:24:31.544698+00:00, execution_date=20241004T142431, start_date=20241004T142951, end_date=20241004T143024
[2024-10-04T14:30:25.007+0000] {local_task_job_runner.py:266} INFO - Task exited with return code 0
[2024-10-04T14:30:25.016+0000] {taskinstance.py:3900} INFO - 0 downstream tasks scheduled from follow-on schedule check
[2024-10-04T14:30:25.017+0000] {local_task_job_runner.py:245} INFO - ::endgroup::
