[2024-10-04T14:30:27.269+0000] {processor.py:186} INFO - Started process (PID=946) to work on /opt/airflow/dags/crawl/db/database.py
[2024-10-04T14:30:27.269+0000] {processor.py:914} INFO - Processing file /opt/airflow/dags/crawl/db/database.py for tasks to queue
[2024-10-04T14:30:27.271+0000] {logging_mixin.py:190} INFO - [2024-10-04T14:30:27.270+0000] {dagbag.py:588} INFO - Filling up the DagBag from /opt/airflow/dags/crawl/db/database.py
[2024-10-04T14:30:27.274+0000] {processor.py:927} WARNING - No viable dags retrieved from /opt/airflow/dags/crawl/db/database.py
[2024-10-04T14:30:27.283+0000] {processor.py:208} INFO - Processing /opt/airflow/dags/crawl/db/database.py took 0.020 seconds
[2024-10-04T14:30:57.468+0000] {processor.py:186} INFO - Started process (PID=954) to work on /opt/airflow/dags/crawl/db/database.py
[2024-10-04T14:30:57.469+0000] {processor.py:914} INFO - Processing file /opt/airflow/dags/crawl/db/database.py for tasks to queue
[2024-10-04T14:30:57.470+0000] {logging_mixin.py:190} INFO - [2024-10-04T14:30:57.470+0000] {dagbag.py:588} INFO - Filling up the DagBag from /opt/airflow/dags/crawl/db/database.py
[2024-10-04T14:30:57.473+0000] {processor.py:927} WARNING - No viable dags retrieved from /opt/airflow/dags/crawl/db/database.py
[2024-10-04T14:30:57.480+0000] {processor.py:208} INFO - Processing /opt/airflow/dags/crawl/db/database.py took 0.021 seconds
[2024-10-04T14:31:27.657+0000] {processor.py:186} INFO - Started process (PID=962) to work on /opt/airflow/dags/crawl/db/database.py
[2024-10-04T14:31:27.660+0000] {processor.py:914} INFO - Processing file /opt/airflow/dags/crawl/db/database.py for tasks to queue
[2024-10-04T14:31:27.661+0000] {logging_mixin.py:190} INFO - [2024-10-04T14:31:27.661+0000] {dagbag.py:588} INFO - Filling up the DagBag from /opt/airflow/dags/crawl/db/database.py
[2024-10-04T14:31:27.664+0000] {processor.py:927} WARNING - No viable dags retrieved from /opt/airflow/dags/crawl/db/database.py
[2024-10-04T14:31:27.671+0000] {processor.py:208} INFO - Processing /opt/airflow/dags/crawl/db/database.py took 0.019 seconds
[2024-10-04T14:31:57.852+0000] {processor.py:186} INFO - Started process (PID=970) to work on /opt/airflow/dags/crawl/db/database.py
[2024-10-04T14:31:57.853+0000] {processor.py:914} INFO - Processing file /opt/airflow/dags/crawl/db/database.py for tasks to queue
[2024-10-04T14:31:57.857+0000] {logging_mixin.py:190} INFO - [2024-10-04T14:31:57.857+0000] {dagbag.py:588} INFO - Filling up the DagBag from /opt/airflow/dags/crawl/db/database.py
[2024-10-04T14:31:57.869+0000] {processor.py:927} WARNING - No viable dags retrieved from /opt/airflow/dags/crawl/db/database.py
[2024-10-04T14:31:57.878+0000] {processor.py:208} INFO - Processing /opt/airflow/dags/crawl/db/database.py took 0.038 seconds
[2024-10-04T14:32:28.095+0000] {processor.py:186} INFO - Started process (PID=978) to work on /opt/airflow/dags/crawl/db/database.py
[2024-10-04T14:32:28.098+0000] {processor.py:914} INFO - Processing file /opt/airflow/dags/crawl/db/database.py for tasks to queue
[2024-10-04T14:32:28.099+0000] {logging_mixin.py:190} INFO - [2024-10-04T14:32:28.099+0000] {dagbag.py:588} INFO - Filling up the DagBag from /opt/airflow/dags/crawl/db/database.py
[2024-10-04T14:32:28.103+0000] {processor.py:927} WARNING - No viable dags retrieved from /opt/airflow/dags/crawl/db/database.py
[2024-10-04T14:32:28.113+0000] {processor.py:208} INFO - Processing /opt/airflow/dags/crawl/db/database.py took 0.032 seconds
[2024-10-04T14:32:58.310+0000] {processor.py:186} INFO - Started process (PID=986) to work on /opt/airflow/dags/crawl/db/database.py
[2024-10-04T14:32:58.311+0000] {processor.py:914} INFO - Processing file /opt/airflow/dags/crawl/db/database.py for tasks to queue
[2024-10-04T14:32:58.312+0000] {logging_mixin.py:190} INFO - [2024-10-04T14:32:58.312+0000] {dagbag.py:588} INFO - Filling up the DagBag from /opt/airflow/dags/crawl/db/database.py
[2024-10-04T14:32:58.316+0000] {processor.py:927} WARNING - No viable dags retrieved from /opt/airflow/dags/crawl/db/database.py
[2024-10-04T14:32:58.323+0000] {processor.py:208} INFO - Processing /opt/airflow/dags/crawl/db/database.py took 0.027 seconds
[2024-10-04T14:33:28.496+0000] {processor.py:186} INFO - Started process (PID=994) to work on /opt/airflow/dags/crawl/db/database.py
[2024-10-04T14:33:28.499+0000] {processor.py:914} INFO - Processing file /opt/airflow/dags/crawl/db/database.py for tasks to queue
[2024-10-04T14:33:28.501+0000] {logging_mixin.py:190} INFO - [2024-10-04T14:33:28.501+0000] {dagbag.py:588} INFO - Filling up the DagBag from /opt/airflow/dags/crawl/db/database.py
[2024-10-04T14:33:28.506+0000] {processor.py:927} WARNING - No viable dags retrieved from /opt/airflow/dags/crawl/db/database.py
[2024-10-04T14:33:28.512+0000] {processor.py:208} INFO - Processing /opt/airflow/dags/crawl/db/database.py took 0.031 seconds
[2024-10-04T14:33:58.703+0000] {processor.py:186} INFO - Started process (PID=1002) to work on /opt/airflow/dags/crawl/db/database.py
[2024-10-04T14:33:58.705+0000] {processor.py:914} INFO - Processing file /opt/airflow/dags/crawl/db/database.py for tasks to queue
[2024-10-04T14:33:58.709+0000] {logging_mixin.py:190} INFO - [2024-10-04T14:33:58.708+0000] {dagbag.py:588} INFO - Filling up the DagBag from /opt/airflow/dags/crawl/db/database.py
[2024-10-04T14:33:58.721+0000] {processor.py:927} WARNING - No viable dags retrieved from /opt/airflow/dags/crawl/db/database.py
[2024-10-04T14:33:58.737+0000] {processor.py:208} INFO - Processing /opt/airflow/dags/crawl/db/database.py took 0.051 seconds
[2024-10-04T14:34:28.915+0000] {processor.py:186} INFO - Started process (PID=1010) to work on /opt/airflow/dags/crawl/db/database.py
[2024-10-04T14:34:28.916+0000] {processor.py:914} INFO - Processing file /opt/airflow/dags/crawl/db/database.py for tasks to queue
[2024-10-04T14:34:28.917+0000] {logging_mixin.py:190} INFO - [2024-10-04T14:34:28.917+0000] {dagbag.py:588} INFO - Filling up the DagBag from /opt/airflow/dags/crawl/db/database.py
[2024-10-04T14:34:28.920+0000] {processor.py:927} WARNING - No viable dags retrieved from /opt/airflow/dags/crawl/db/database.py
[2024-10-04T14:34:28.927+0000] {processor.py:208} INFO - Processing /opt/airflow/dags/crawl/db/database.py took 0.017 seconds
[2024-10-04T14:34:59.123+0000] {processor.py:186} INFO - Started process (PID=1018) to work on /opt/airflow/dags/crawl/db/database.py
[2024-10-04T14:34:59.123+0000] {processor.py:914} INFO - Processing file /opt/airflow/dags/crawl/db/database.py for tasks to queue
[2024-10-04T14:34:59.125+0000] {logging_mixin.py:190} INFO - [2024-10-04T14:34:59.125+0000] {dagbag.py:588} INFO - Filling up the DagBag from /opt/airflow/dags/crawl/db/database.py
[2024-10-04T14:34:59.129+0000] {processor.py:927} WARNING - No viable dags retrieved from /opt/airflow/dags/crawl/db/database.py
[2024-10-04T14:34:59.137+0000] {processor.py:208} INFO - Processing /opt/airflow/dags/crawl/db/database.py took 0.027 seconds
[2024-10-04T14:35:29.357+0000] {processor.py:186} INFO - Started process (PID=1026) to work on /opt/airflow/dags/crawl/db/database.py
[2024-10-04T14:35:29.358+0000] {processor.py:914} INFO - Processing file /opt/airflow/dags/crawl/db/database.py for tasks to queue
[2024-10-04T14:35:29.359+0000] {logging_mixin.py:190} INFO - [2024-10-04T14:35:29.359+0000] {dagbag.py:588} INFO - Filling up the DagBag from /opt/airflow/dags/crawl/db/database.py
[2024-10-04T14:35:29.365+0000] {processor.py:927} WARNING - No viable dags retrieved from /opt/airflow/dags/crawl/db/database.py
[2024-10-04T14:35:29.375+0000] {processor.py:208} INFO - Processing /opt/airflow/dags/crawl/db/database.py took 0.029 seconds
[2024-10-04T14:35:59.532+0000] {processor.py:186} INFO - Started process (PID=1034) to work on /opt/airflow/dags/crawl/db/database.py
[2024-10-04T14:35:59.533+0000] {processor.py:914} INFO - Processing file /opt/airflow/dags/crawl/db/database.py for tasks to queue
[2024-10-04T14:35:59.534+0000] {logging_mixin.py:190} INFO - [2024-10-04T14:35:59.534+0000] {dagbag.py:588} INFO - Filling up the DagBag from /opt/airflow/dags/crawl/db/database.py
[2024-10-04T14:35:59.538+0000] {processor.py:927} WARNING - No viable dags retrieved from /opt/airflow/dags/crawl/db/database.py
[2024-10-04T14:35:59.545+0000] {processor.py:208} INFO - Processing /opt/airflow/dags/crawl/db/database.py took 0.018 seconds
[2024-10-04T14:36:29.665+0000] {processor.py:186} INFO - Started process (PID=1042) to work on /opt/airflow/dags/crawl/db/database.py
[2024-10-04T14:36:29.667+0000] {processor.py:914} INFO - Processing file /opt/airflow/dags/crawl/db/database.py for tasks to queue
[2024-10-04T14:36:29.669+0000] {logging_mixin.py:190} INFO - [2024-10-04T14:36:29.669+0000] {dagbag.py:588} INFO - Filling up the DagBag from /opt/airflow/dags/crawl/db/database.py
[2024-10-04T14:36:29.673+0000] {processor.py:927} WARNING - No viable dags retrieved from /opt/airflow/dags/crawl/db/database.py
[2024-10-04T14:36:29.681+0000] {processor.py:208} INFO - Processing /opt/airflow/dags/crawl/db/database.py took 0.021 seconds
[2024-10-04T14:36:59.845+0000] {processor.py:186} INFO - Started process (PID=1050) to work on /opt/airflow/dags/crawl/db/database.py
[2024-10-04T14:36:59.846+0000] {processor.py:914} INFO - Processing file /opt/airflow/dags/crawl/db/database.py for tasks to queue
[2024-10-04T14:36:59.851+0000] {logging_mixin.py:190} INFO - [2024-10-04T14:36:59.850+0000] {dagbag.py:588} INFO - Filling up the DagBag from /opt/airflow/dags/crawl/db/database.py
[2024-10-04T14:36:59.855+0000] {processor.py:927} WARNING - No viable dags retrieved from /opt/airflow/dags/crawl/db/database.py
[2024-10-04T14:36:59.862+0000] {processor.py:208} INFO - Processing /opt/airflow/dags/crawl/db/database.py took 0.034 seconds
[2024-10-04T14:37:30.055+0000] {processor.py:186} INFO - Started process (PID=1058) to work on /opt/airflow/dags/crawl/db/database.py
[2024-10-04T14:37:30.056+0000] {processor.py:914} INFO - Processing file /opt/airflow/dags/crawl/db/database.py for tasks to queue
[2024-10-04T14:37:30.058+0000] {logging_mixin.py:190} INFO - [2024-10-04T14:37:30.058+0000] {dagbag.py:588} INFO - Filling up the DagBag from /opt/airflow/dags/crawl/db/database.py
[2024-10-04T14:37:30.062+0000] {processor.py:927} WARNING - No viable dags retrieved from /opt/airflow/dags/crawl/db/database.py
[2024-10-04T14:37:30.069+0000] {processor.py:208} INFO - Processing /opt/airflow/dags/crawl/db/database.py took 0.021 seconds
[2024-10-04T14:38:00.250+0000] {processor.py:186} INFO - Started process (PID=1066) to work on /opt/airflow/dags/crawl/db/database.py
[2024-10-04T14:38:00.251+0000] {processor.py:914} INFO - Processing file /opt/airflow/dags/crawl/db/database.py for tasks to queue
[2024-10-04T14:38:00.252+0000] {logging_mixin.py:190} INFO - [2024-10-04T14:38:00.252+0000] {dagbag.py:588} INFO - Filling up the DagBag from /opt/airflow/dags/crawl/db/database.py
[2024-10-04T14:38:00.256+0000] {processor.py:927} WARNING - No viable dags retrieved from /opt/airflow/dags/crawl/db/database.py
[2024-10-04T14:38:00.262+0000] {processor.py:208} INFO - Processing /opt/airflow/dags/crawl/db/database.py took 0.025 seconds
[2024-10-04T14:38:30.425+0000] {processor.py:186} INFO - Started process (PID=1074) to work on /opt/airflow/dags/crawl/db/database.py
[2024-10-04T14:38:30.428+0000] {processor.py:914} INFO - Processing file /opt/airflow/dags/crawl/db/database.py for tasks to queue
[2024-10-04T14:38:30.430+0000] {logging_mixin.py:190} INFO - [2024-10-04T14:38:30.429+0000] {dagbag.py:588} INFO - Filling up the DagBag from /opt/airflow/dags/crawl/db/database.py
[2024-10-04T14:38:30.434+0000] {processor.py:927} WARNING - No viable dags retrieved from /opt/airflow/dags/crawl/db/database.py
[2024-10-04T14:38:30.447+0000] {processor.py:208} INFO - Processing /opt/airflow/dags/crawl/db/database.py took 0.027 seconds
[2024-10-04T14:39:00.640+0000] {processor.py:186} INFO - Started process (PID=1082) to work on /opt/airflow/dags/crawl/db/database.py
[2024-10-04T14:39:00.641+0000] {processor.py:914} INFO - Processing file /opt/airflow/dags/crawl/db/database.py for tasks to queue
[2024-10-04T14:39:00.646+0000] {logging_mixin.py:190} INFO - [2024-10-04T14:39:00.645+0000] {dagbag.py:588} INFO - Filling up the DagBag from /opt/airflow/dags/crawl/db/database.py
[2024-10-04T14:39:00.651+0000] {processor.py:927} WARNING - No viable dags retrieved from /opt/airflow/dags/crawl/db/database.py
[2024-10-04T14:39:00.657+0000] {processor.py:208} INFO - Processing /opt/airflow/dags/crawl/db/database.py took 0.042 seconds
[2024-10-04T14:39:30.854+0000] {processor.py:186} INFO - Started process (PID=1090) to work on /opt/airflow/dags/crawl/db/database.py
[2024-10-04T14:39:30.857+0000] {processor.py:914} INFO - Processing file /opt/airflow/dags/crawl/db/database.py for tasks to queue
[2024-10-04T14:39:30.859+0000] {logging_mixin.py:190} INFO - [2024-10-04T14:39:30.859+0000] {dagbag.py:588} INFO - Filling up the DagBag from /opt/airflow/dags/crawl/db/database.py
[2024-10-04T14:39:30.864+0000] {processor.py:927} WARNING - No viable dags retrieved from /opt/airflow/dags/crawl/db/database.py
[2024-10-04T14:39:30.871+0000] {processor.py:208} INFO - Processing /opt/airflow/dags/crawl/db/database.py took 0.026 seconds
[2024-10-04T14:40:01.037+0000] {processor.py:186} INFO - Started process (PID=1098) to work on /opt/airflow/dags/crawl/db/database.py
[2024-10-04T14:40:01.037+0000] {processor.py:914} INFO - Processing file /opt/airflow/dags/crawl/db/database.py for tasks to queue
[2024-10-04T14:40:01.038+0000] {logging_mixin.py:190} INFO - [2024-10-04T14:40:01.038+0000] {dagbag.py:588} INFO - Filling up the DagBag from /opt/airflow/dags/crawl/db/database.py
[2024-10-04T14:40:01.043+0000] {processor.py:927} WARNING - No viable dags retrieved from /opt/airflow/dags/crawl/db/database.py
[2024-10-04T14:40:01.050+0000] {processor.py:208} INFO - Processing /opt/airflow/dags/crawl/db/database.py took 0.018 seconds
[2024-10-04T14:40:31.218+0000] {processor.py:186} INFO - Started process (PID=1106) to work on /opt/airflow/dags/crawl/db/database.py
[2024-10-04T14:40:31.219+0000] {processor.py:914} INFO - Processing file /opt/airflow/dags/crawl/db/database.py for tasks to queue
[2024-10-04T14:40:31.220+0000] {logging_mixin.py:190} INFO - [2024-10-04T14:40:31.220+0000] {dagbag.py:588} INFO - Filling up the DagBag from /opt/airflow/dags/crawl/db/database.py
[2024-10-04T14:40:31.224+0000] {processor.py:927} WARNING - No viable dags retrieved from /opt/airflow/dags/crawl/db/database.py
[2024-10-04T14:40:31.231+0000] {processor.py:208} INFO - Processing /opt/airflow/dags/crawl/db/database.py took 0.023 seconds
[2024-10-04T14:41:01.409+0000] {processor.py:186} INFO - Started process (PID=1114) to work on /opt/airflow/dags/crawl/db/database.py
[2024-10-04T14:41:01.410+0000] {processor.py:914} INFO - Processing file /opt/airflow/dags/crawl/db/database.py for tasks to queue
[2024-10-04T14:41:01.411+0000] {logging_mixin.py:190} INFO - [2024-10-04T14:41:01.411+0000] {dagbag.py:588} INFO - Filling up the DagBag from /opt/airflow/dags/crawl/db/database.py
[2024-10-04T14:41:01.414+0000] {processor.py:927} WARNING - No viable dags retrieved from /opt/airflow/dags/crawl/db/database.py
[2024-10-04T14:41:01.421+0000] {processor.py:208} INFO - Processing /opt/airflow/dags/crawl/db/database.py took 0.016 seconds
[2024-10-04T14:41:31.616+0000] {processor.py:186} INFO - Started process (PID=1122) to work on /opt/airflow/dags/crawl/db/database.py
[2024-10-04T14:41:31.617+0000] {processor.py:914} INFO - Processing file /opt/airflow/dags/crawl/db/database.py for tasks to queue
[2024-10-04T14:41:31.619+0000] {logging_mixin.py:190} INFO - [2024-10-04T14:41:31.618+0000] {dagbag.py:588} INFO - Filling up the DagBag from /opt/airflow/dags/crawl/db/database.py
[2024-10-04T14:41:31.622+0000] {processor.py:927} WARNING - No viable dags retrieved from /opt/airflow/dags/crawl/db/database.py
[2024-10-04T14:41:31.629+0000] {processor.py:208} INFO - Processing /opt/airflow/dags/crawl/db/database.py took 0.025 seconds
[2024-10-04T14:42:01.803+0000] {processor.py:186} INFO - Started process (PID=1130) to work on /opt/airflow/dags/crawl/db/database.py
[2024-10-04T14:42:01.803+0000] {processor.py:914} INFO - Processing file /opt/airflow/dags/crawl/db/database.py for tasks to queue
[2024-10-04T14:42:01.805+0000] {logging_mixin.py:190} INFO - [2024-10-04T14:42:01.805+0000] {dagbag.py:588} INFO - Filling up the DagBag from /opt/airflow/dags/crawl/db/database.py
[2024-10-04T14:42:01.808+0000] {processor.py:927} WARNING - No viable dags retrieved from /opt/airflow/dags/crawl/db/database.py
[2024-10-04T14:42:01.815+0000] {processor.py:208} INFO - Processing /opt/airflow/dags/crawl/db/database.py took 0.024 seconds
[2024-10-04T14:42:31.996+0000] {processor.py:186} INFO - Started process (PID=1138) to work on /opt/airflow/dags/crawl/db/database.py
[2024-10-04T14:42:32.040+0000] {processor.py:914} INFO - Processing file /opt/airflow/dags/crawl/db/database.py for tasks to queue
[2024-10-04T14:42:32.044+0000] {logging_mixin.py:190} INFO - [2024-10-04T14:42:32.043+0000] {dagbag.py:588} INFO - Filling up the DagBag from /opt/airflow/dags/crawl/db/database.py
[2024-10-04T14:42:32.057+0000] {processor.py:927} WARNING - No viable dags retrieved from /opt/airflow/dags/crawl/db/database.py
[2024-10-04T14:42:32.069+0000] {processor.py:208} INFO - Processing /opt/airflow/dags/crawl/db/database.py took 0.091 seconds
[2024-10-04T14:43:02.244+0000] {processor.py:186} INFO - Started process (PID=1146) to work on /opt/airflow/dags/crawl/db/database.py
[2024-10-04T14:43:02.244+0000] {processor.py:914} INFO - Processing file /opt/airflow/dags/crawl/db/database.py for tasks to queue
[2024-10-04T14:43:02.245+0000] {logging_mixin.py:190} INFO - [2024-10-04T14:43:02.245+0000] {dagbag.py:588} INFO - Filling up the DagBag from /opt/airflow/dags/crawl/db/database.py
[2024-10-04T14:43:02.252+0000] {processor.py:927} WARNING - No viable dags retrieved from /opt/airflow/dags/crawl/db/database.py
[2024-10-04T14:43:02.260+0000] {processor.py:208} INFO - Processing /opt/airflow/dags/crawl/db/database.py took 0.025 seconds
[2024-10-04T14:43:32.457+0000] {processor.py:186} INFO - Started process (PID=1154) to work on /opt/airflow/dags/crawl/db/database.py
[2024-10-04T14:43:32.459+0000] {processor.py:914} INFO - Processing file /opt/airflow/dags/crawl/db/database.py for tasks to queue
[2024-10-04T14:43:32.461+0000] {logging_mixin.py:190} INFO - [2024-10-04T14:43:32.460+0000] {dagbag.py:588} INFO - Filling up the DagBag from /opt/airflow/dags/crawl/db/database.py
[2024-10-04T14:43:32.465+0000] {processor.py:927} WARNING - No viable dags retrieved from /opt/airflow/dags/crawl/db/database.py
[2024-10-04T14:43:32.476+0000] {processor.py:208} INFO - Processing /opt/airflow/dags/crawl/db/database.py took 0.026 seconds
[2024-10-04T14:44:02.650+0000] {processor.py:186} INFO - Started process (PID=1162) to work on /opt/airflow/dags/crawl/db/database.py
[2024-10-04T14:44:02.652+0000] {processor.py:914} INFO - Processing file /opt/airflow/dags/crawl/db/database.py for tasks to queue
[2024-10-04T14:44:02.656+0000] {logging_mixin.py:190} INFO - [2024-10-04T14:44:02.655+0000] {dagbag.py:588} INFO - Filling up the DagBag from /opt/airflow/dags/crawl/db/database.py
[2024-10-04T14:44:02.659+0000] {processor.py:927} WARNING - No viable dags retrieved from /opt/airflow/dags/crawl/db/database.py
[2024-10-04T14:44:02.666+0000] {processor.py:208} INFO - Processing /opt/airflow/dags/crawl/db/database.py took 0.028 seconds
[2024-10-04T14:44:32.814+0000] {processor.py:186} INFO - Started process (PID=1170) to work on /opt/airflow/dags/crawl/db/database.py
[2024-10-04T14:44:32.815+0000] {processor.py:914} INFO - Processing file /opt/airflow/dags/crawl/db/database.py for tasks to queue
[2024-10-04T14:44:32.816+0000] {logging_mixin.py:190} INFO - [2024-10-04T14:44:32.816+0000] {dagbag.py:588} INFO - Filling up the DagBag from /opt/airflow/dags/crawl/db/database.py
[2024-10-04T14:44:32.819+0000] {processor.py:927} WARNING - No viable dags retrieved from /opt/airflow/dags/crawl/db/database.py
[2024-10-04T14:44:32.826+0000] {processor.py:208} INFO - Processing /opt/airflow/dags/crawl/db/database.py took 0.017 seconds
[2024-10-04T14:45:03.035+0000] {processor.py:186} INFO - Started process (PID=1177) to work on /opt/airflow/dags/crawl/db/database.py
[2024-10-04T14:45:03.036+0000] {processor.py:914} INFO - Processing file /opt/airflow/dags/crawl/db/database.py for tasks to queue
[2024-10-04T14:45:03.037+0000] {logging_mixin.py:190} INFO - [2024-10-04T14:45:03.037+0000] {dagbag.py:588} INFO - Filling up the DagBag from /opt/airflow/dags/crawl/db/database.py
[2024-10-04T14:45:03.040+0000] {processor.py:927} WARNING - No viable dags retrieved from /opt/airflow/dags/crawl/db/database.py
[2024-10-04T14:45:03.047+0000] {processor.py:208} INFO - Processing /opt/airflow/dags/crawl/db/database.py took 0.029 seconds
[2024-10-04T14:45:33.211+0000] {processor.py:186} INFO - Started process (PID=1185) to work on /opt/airflow/dags/crawl/db/database.py
[2024-10-04T14:45:33.230+0000] {processor.py:914} INFO - Processing file /opt/airflow/dags/crawl/db/database.py for tasks to queue
[2024-10-04T14:45:33.231+0000] {logging_mixin.py:190} INFO - [2024-10-04T14:45:33.231+0000] {dagbag.py:588} INFO - Filling up the DagBag from /opt/airflow/dags/crawl/db/database.py
[2024-10-04T14:45:33.236+0000] {processor.py:927} WARNING - No viable dags retrieved from /opt/airflow/dags/crawl/db/database.py
[2024-10-04T14:45:33.245+0000] {processor.py:208} INFO - Processing /opt/airflow/dags/crawl/db/database.py took 0.042 seconds
[2024-10-04T14:46:03.424+0000] {processor.py:186} INFO - Started process (PID=1193) to work on /opt/airflow/dags/crawl/db/database.py
[2024-10-04T14:46:03.425+0000] {processor.py:914} INFO - Processing file /opt/airflow/dags/crawl/db/database.py for tasks to queue
[2024-10-04T14:46:03.427+0000] {logging_mixin.py:190} INFO - [2024-10-04T14:46:03.426+0000] {dagbag.py:588} INFO - Filling up the DagBag from /opt/airflow/dags/crawl/db/database.py
[2024-10-04T14:46:03.430+0000] {processor.py:927} WARNING - No viable dags retrieved from /opt/airflow/dags/crawl/db/database.py
[2024-10-04T14:46:03.440+0000] {processor.py:208} INFO - Processing /opt/airflow/dags/crawl/db/database.py took 0.028 seconds
[2024-10-04T14:46:33.616+0000] {processor.py:186} INFO - Started process (PID=1201) to work on /opt/airflow/dags/crawl/db/database.py
[2024-10-04T14:46:33.617+0000] {processor.py:914} INFO - Processing file /opt/airflow/dags/crawl/db/database.py for tasks to queue
[2024-10-04T14:46:33.618+0000] {logging_mixin.py:190} INFO - [2024-10-04T14:46:33.618+0000] {dagbag.py:588} INFO - Filling up the DagBag from /opt/airflow/dags/crawl/db/database.py
[2024-10-04T14:46:33.623+0000] {processor.py:927} WARNING - No viable dags retrieved from /opt/airflow/dags/crawl/db/database.py
[2024-10-04T14:46:33.629+0000] {processor.py:208} INFO - Processing /opt/airflow/dags/crawl/db/database.py took 0.026 seconds
[2024-10-04T14:47:03.794+0000] {processor.py:186} INFO - Started process (PID=1209) to work on /opt/airflow/dags/crawl/db/database.py
[2024-10-04T14:47:03.795+0000] {processor.py:914} INFO - Processing file /opt/airflow/dags/crawl/db/database.py for tasks to queue
[2024-10-04T14:47:03.796+0000] {logging_mixin.py:190} INFO - [2024-10-04T14:47:03.796+0000] {dagbag.py:588} INFO - Filling up the DagBag from /opt/airflow/dags/crawl/db/database.py
[2024-10-04T14:47:03.802+0000] {processor.py:927} WARNING - No viable dags retrieved from /opt/airflow/dags/crawl/db/database.py
[2024-10-04T14:47:03.812+0000] {processor.py:208} INFO - Processing /opt/airflow/dags/crawl/db/database.py took 0.023 seconds
[2024-10-04T14:47:33.986+0000] {processor.py:186} INFO - Started process (PID=1217) to work on /opt/airflow/dags/crawl/db/database.py
[2024-10-04T14:47:33.986+0000] {processor.py:914} INFO - Processing file /opt/airflow/dags/crawl/db/database.py for tasks to queue
[2024-10-04T14:47:33.987+0000] {logging_mixin.py:190} INFO - [2024-10-04T14:47:33.987+0000] {dagbag.py:588} INFO - Filling up the DagBag from /opt/airflow/dags/crawl/db/database.py
[2024-10-04T14:47:33.991+0000] {processor.py:927} WARNING - No viable dags retrieved from /opt/airflow/dags/crawl/db/database.py
[2024-10-04T14:47:34.000+0000] {processor.py:208} INFO - Processing /opt/airflow/dags/crawl/db/database.py took 0.021 seconds
[2024-10-04T14:48:04.180+0000] {processor.py:186} INFO - Started process (PID=1225) to work on /opt/airflow/dags/crawl/db/database.py
[2024-10-04T14:48:04.181+0000] {processor.py:914} INFO - Processing file /opt/airflow/dags/crawl/db/database.py for tasks to queue
[2024-10-04T14:48:04.182+0000] {logging_mixin.py:190} INFO - [2024-10-04T14:48:04.182+0000] {dagbag.py:588} INFO - Filling up the DagBag from /opt/airflow/dags/crawl/db/database.py
[2024-10-04T14:48:04.186+0000] {processor.py:927} WARNING - No viable dags retrieved from /opt/airflow/dags/crawl/db/database.py
[2024-10-04T14:48:04.193+0000] {processor.py:208} INFO - Processing /opt/airflow/dags/crawl/db/database.py took 0.020 seconds
[2024-10-04T14:48:34.367+0000] {processor.py:186} INFO - Started process (PID=1232) to work on /opt/airflow/dags/crawl/db/database.py
[2024-10-04T14:48:34.370+0000] {processor.py:914} INFO - Processing file /opt/airflow/dags/crawl/db/database.py for tasks to queue
[2024-10-04T14:48:34.373+0000] {logging_mixin.py:190} INFO - [2024-10-04T14:48:34.372+0000] {dagbag.py:588} INFO - Filling up the DagBag from /opt/airflow/dags/crawl/db/database.py
[2024-10-04T14:48:34.377+0000] {processor.py:927} WARNING - No viable dags retrieved from /opt/airflow/dags/crawl/db/database.py
[2024-10-04T14:48:34.384+0000] {processor.py:208} INFO - Processing /opt/airflow/dags/crawl/db/database.py took 0.031 seconds
[2024-10-04T14:49:04.584+0000] {processor.py:186} INFO - Started process (PID=1240) to work on /opt/airflow/dags/crawl/db/database.py
[2024-10-04T14:49:04.585+0000] {processor.py:914} INFO - Processing file /opt/airflow/dags/crawl/db/database.py for tasks to queue
[2024-10-04T14:49:04.589+0000] {logging_mixin.py:190} INFO - [2024-10-04T14:49:04.588+0000] {dagbag.py:588} INFO - Filling up the DagBag from /opt/airflow/dags/crawl/db/database.py
[2024-10-04T14:49:04.594+0000] {processor.py:927} WARNING - No viable dags retrieved from /opt/airflow/dags/crawl/db/database.py
[2024-10-04T14:49:04.601+0000] {processor.py:208} INFO - Processing /opt/airflow/dags/crawl/db/database.py took 0.037 seconds
[2024-10-04T14:49:34.813+0000] {processor.py:186} INFO - Started process (PID=1248) to work on /opt/airflow/dags/crawl/db/database.py
[2024-10-04T14:49:34.815+0000] {processor.py:914} INFO - Processing file /opt/airflow/dags/crawl/db/database.py for tasks to queue
[2024-10-04T14:49:34.817+0000] {logging_mixin.py:190} INFO - [2024-10-04T14:49:34.816+0000] {dagbag.py:588} INFO - Filling up the DagBag from /opt/airflow/dags/crawl/db/database.py
[2024-10-04T14:49:34.820+0000] {processor.py:927} WARNING - No viable dags retrieved from /opt/airflow/dags/crawl/db/database.py
[2024-10-04T14:49:34.827+0000] {processor.py:208} INFO - Processing /opt/airflow/dags/crawl/db/database.py took 0.036 seconds
[2024-10-04T14:50:05.006+0000] {processor.py:186} INFO - Started process (PID=1256) to work on /opt/airflow/dags/crawl/db/database.py
[2024-10-04T14:50:05.007+0000] {processor.py:914} INFO - Processing file /opt/airflow/dags/crawl/db/database.py for tasks to queue
[2024-10-04T14:50:05.008+0000] {logging_mixin.py:190} INFO - [2024-10-04T14:50:05.007+0000] {dagbag.py:588} INFO - Filling up the DagBag from /opt/airflow/dags/crawl/db/database.py
[2024-10-04T14:50:05.011+0000] {processor.py:927} WARNING - No viable dags retrieved from /opt/airflow/dags/crawl/db/database.py
[2024-10-04T14:50:05.018+0000] {processor.py:208} INFO - Processing /opt/airflow/dags/crawl/db/database.py took 0.018 seconds
[2024-10-04T14:50:35.227+0000] {processor.py:186} INFO - Started process (PID=1264) to work on /opt/airflow/dags/crawl/db/database.py
[2024-10-04T14:50:35.230+0000] {processor.py:914} INFO - Processing file /opt/airflow/dags/crawl/db/database.py for tasks to queue
[2024-10-04T14:50:35.232+0000] {logging_mixin.py:190} INFO - [2024-10-04T14:50:35.232+0000] {dagbag.py:588} INFO - Filling up the DagBag from /opt/airflow/dags/crawl/db/database.py
[2024-10-04T14:50:35.241+0000] {processor.py:927} WARNING - No viable dags retrieved from /opt/airflow/dags/crawl/db/database.py
[2024-10-04T14:50:35.247+0000] {processor.py:208} INFO - Processing /opt/airflow/dags/crawl/db/database.py took 0.038 seconds
[2024-10-04T14:51:05.419+0000] {processor.py:186} INFO - Started process (PID=1272) to work on /opt/airflow/dags/crawl/db/database.py
[2024-10-04T14:51:05.419+0000] {processor.py:914} INFO - Processing file /opt/airflow/dags/crawl/db/database.py for tasks to queue
[2024-10-04T14:51:05.421+0000] {logging_mixin.py:190} INFO - [2024-10-04T14:51:05.421+0000] {dagbag.py:588} INFO - Filling up the DagBag from /opt/airflow/dags/crawl/db/database.py
[2024-10-04T14:51:05.424+0000] {processor.py:927} WARNING - No viable dags retrieved from /opt/airflow/dags/crawl/db/database.py
[2024-10-04T14:51:05.432+0000] {processor.py:208} INFO - Processing /opt/airflow/dags/crawl/db/database.py took 0.024 seconds
[2024-10-04T14:51:35.617+0000] {processor.py:186} INFO - Started process (PID=1280) to work on /opt/airflow/dags/crawl/db/database.py
[2024-10-04T14:51:35.620+0000] {processor.py:914} INFO - Processing file /opt/airflow/dags/crawl/db/database.py for tasks to queue
[2024-10-04T14:51:35.622+0000] {logging_mixin.py:190} INFO - [2024-10-04T14:51:35.621+0000] {dagbag.py:588} INFO - Filling up the DagBag from /opt/airflow/dags/crawl/db/database.py
[2024-10-04T14:51:35.626+0000] {processor.py:927} WARNING - No viable dags retrieved from /opt/airflow/dags/crawl/db/database.py
[2024-10-04T14:51:35.633+0000] {processor.py:208} INFO - Processing /opt/airflow/dags/crawl/db/database.py took 0.036 seconds
[2024-10-04T14:52:05.816+0000] {processor.py:186} INFO - Started process (PID=1288) to work on /opt/airflow/dags/crawl/db/database.py
[2024-10-04T14:52:05.817+0000] {processor.py:914} INFO - Processing file /opt/airflow/dags/crawl/db/database.py for tasks to queue
[2024-10-04T14:52:05.818+0000] {logging_mixin.py:190} INFO - [2024-10-04T14:52:05.818+0000] {dagbag.py:588} INFO - Filling up the DagBag from /opt/airflow/dags/crawl/db/database.py
[2024-10-04T14:52:05.822+0000] {processor.py:927} WARNING - No viable dags retrieved from /opt/airflow/dags/crawl/db/database.py
[2024-10-04T14:52:05.829+0000] {processor.py:208} INFO - Processing /opt/airflow/dags/crawl/db/database.py took 0.032 seconds
[2024-10-04T14:52:36.006+0000] {processor.py:186} INFO - Started process (PID=1296) to work on /opt/airflow/dags/crawl/db/database.py
[2024-10-04T14:52:36.009+0000] {processor.py:914} INFO - Processing file /opt/airflow/dags/crawl/db/database.py for tasks to queue
[2024-10-04T14:52:36.011+0000] {logging_mixin.py:190} INFO - [2024-10-04T14:52:36.011+0000] {dagbag.py:588} INFO - Filling up the DagBag from /opt/airflow/dags/crawl/db/database.py
[2024-10-04T14:52:36.015+0000] {processor.py:927} WARNING - No viable dags retrieved from /opt/airflow/dags/crawl/db/database.py
[2024-10-04T14:52:36.021+0000] {processor.py:208} INFO - Processing /opt/airflow/dags/crawl/db/database.py took 0.033 seconds
[2024-10-04T14:53:06.215+0000] {processor.py:186} INFO - Started process (PID=1304) to work on /opt/airflow/dags/crawl/db/database.py
[2024-10-04T14:53:06.215+0000] {processor.py:914} INFO - Processing file /opt/airflow/dags/crawl/db/database.py for tasks to queue
[2024-10-04T14:53:06.219+0000] {logging_mixin.py:190} INFO - [2024-10-04T14:53:06.218+0000] {dagbag.py:588} INFO - Filling up the DagBag from /opt/airflow/dags/crawl/db/database.py
[2024-10-04T14:53:06.223+0000] {processor.py:927} WARNING - No viable dags retrieved from /opt/airflow/dags/crawl/db/database.py
[2024-10-04T14:53:06.231+0000] {processor.py:208} INFO - Processing /opt/airflow/dags/crawl/db/database.py took 0.029 seconds
[2024-10-04T14:53:36.403+0000] {processor.py:186} INFO - Started process (PID=1312) to work on /opt/airflow/dags/crawl/db/database.py
[2024-10-04T14:53:36.404+0000] {processor.py:914} INFO - Processing file /opt/airflow/dags/crawl/db/database.py for tasks to queue
[2024-10-04T14:53:36.405+0000] {logging_mixin.py:190} INFO - [2024-10-04T14:53:36.405+0000] {dagbag.py:588} INFO - Filling up the DagBag from /opt/airflow/dags/crawl/db/database.py
[2024-10-04T14:53:36.412+0000] {processor.py:927} WARNING - No viable dags retrieved from /opt/airflow/dags/crawl/db/database.py
[2024-10-04T14:53:36.420+0000] {processor.py:208} INFO - Processing /opt/airflow/dags/crawl/db/database.py took 0.027 seconds
[2024-10-04T14:54:06.598+0000] {processor.py:186} INFO - Started process (PID=1320) to work on /opt/airflow/dags/crawl/db/database.py
[2024-10-04T14:54:06.599+0000] {processor.py:914} INFO - Processing file /opt/airflow/dags/crawl/db/database.py for tasks to queue
[2024-10-04T14:54:06.600+0000] {logging_mixin.py:190} INFO - [2024-10-04T14:54:06.600+0000] {dagbag.py:588} INFO - Filling up the DagBag from /opt/airflow/dags/crawl/db/database.py
[2024-10-04T14:54:06.603+0000] {processor.py:927} WARNING - No viable dags retrieved from /opt/airflow/dags/crawl/db/database.py
[2024-10-04T14:54:06.612+0000] {processor.py:208} INFO - Processing /opt/airflow/dags/crawl/db/database.py took 0.020 seconds
[2024-10-04T14:54:36.792+0000] {processor.py:186} INFO - Started process (PID=1328) to work on /opt/airflow/dags/crawl/db/database.py
[2024-10-04T14:54:36.795+0000] {processor.py:914} INFO - Processing file /opt/airflow/dags/crawl/db/database.py for tasks to queue
[2024-10-04T14:54:36.798+0000] {logging_mixin.py:190} INFO - [2024-10-04T14:54:36.798+0000] {dagbag.py:588} INFO - Filling up the DagBag from /opt/airflow/dags/crawl/db/database.py
[2024-10-04T14:54:36.803+0000] {processor.py:927} WARNING - No viable dags retrieved from /opt/airflow/dags/crawl/db/database.py
[2024-10-04T14:54:36.810+0000] {processor.py:208} INFO - Processing /opt/airflow/dags/crawl/db/database.py took 0.023 seconds
[2024-10-04T14:55:06.984+0000] {processor.py:186} INFO - Started process (PID=1336) to work on /opt/airflow/dags/crawl/db/database.py
[2024-10-04T14:55:06.985+0000] {processor.py:914} INFO - Processing file /opt/airflow/dags/crawl/db/database.py for tasks to queue
[2024-10-04T14:55:06.986+0000] {logging_mixin.py:190} INFO - [2024-10-04T14:55:06.986+0000] {dagbag.py:588} INFO - Filling up the DagBag from /opt/airflow/dags/crawl/db/database.py
[2024-10-04T14:55:06.991+0000] {processor.py:927} WARNING - No viable dags retrieved from /opt/airflow/dags/crawl/db/database.py
[2024-10-04T14:55:07.000+0000] {processor.py:208} INFO - Processing /opt/airflow/dags/crawl/db/database.py took 0.021 seconds
[2024-10-04T14:55:37.201+0000] {processor.py:186} INFO - Started process (PID=1344) to work on /opt/airflow/dags/crawl/db/database.py
[2024-10-04T14:55:37.203+0000] {processor.py:914} INFO - Processing file /opt/airflow/dags/crawl/db/database.py for tasks to queue
[2024-10-04T14:55:37.204+0000] {logging_mixin.py:190} INFO - [2024-10-04T14:55:37.204+0000] {dagbag.py:588} INFO - Filling up the DagBag from /opt/airflow/dags/crawl/db/database.py
[2024-10-04T14:55:37.209+0000] {processor.py:927} WARNING - No viable dags retrieved from /opt/airflow/dags/crawl/db/database.py
[2024-10-04T14:55:37.216+0000] {processor.py:208} INFO - Processing /opt/airflow/dags/crawl/db/database.py took 0.030 seconds
